At Date:  (May 7, 2023, 23:39:57) The machine : You added: 0 ml of Milk

At Date:  (May 7, 2023, 23:39:57) The machine :  grind: 5 gram of Arabica beans

At Date:  (May 7, 2023, 23:39:57) The machine :  grind: 15 gram of Roubsta beans

At Date:  (May 7, 2023, 23:39:57) The machine :  grind: 10 gram of Arabica beans

At Date:  (May 7, 2023, 23:39:57) The machine : You used: 40 ml of Milk

At Date:  (May 7, 2023, 23:39:57) The machine : Order coffee: 

coffee cup has: 3gram Arabica
            And 7 gram Robusta.
            Coffee Type: Latte
            Coffee Size: double shot
            Coffee Powder: Soft
            Caffeine amount: 155 mg

At Date:  (May 8, 2023, 11:45:20) The machine :  grind: 30 gram of Arabica beans

At Date:  (May 8, 2023, 11:45:20) The machine :  grind: 25 gram of Roubsta beans

At Date:  (May 8, 2023, 11:45:20) The machine : You used: 40 ml of Milk

At Date:  (May 8, 2023, 11:45:20) The machine : Order coffee: 

coffee cup has: 3gram Arabica
            And 7 gram Robusta.
            Coffee Type: Latte
            Coffee Size: double shot
            Coffee Powder: Soft
            Caffeine amount: 155 mg

At Date:  (May 8, 2023, 11:45:20) The machine : You have cleand the waste tank

At Date:  (May 8, 2023, 11:45:20) The machine :  grind: 50 gram of Arabica beans

At Date:  (May 8, 2023, 13:40:36) The machine :  grind: 25 gram of Arabica beans

At Date:  (May 8, 2023, 13:40:36) The machine :  grind: 30 gram of Roubsta beans

At Date:  (May 8, 2023, 13:40:36) The machine : You used: 60 ml of Water

At Date:  (May 8, 2023, 13:40:36) The machine : Order coffee: 

coffee cup has: 9.8gram Arabica
            And 4.2 gram Robusta.
            Coffee Type: Espresso
            Coffee Size: double shot
            Coffee Powder: Soft
            Caffeine amount: 189 mg

At Date:  (May 8, 2023, 13:42:49) The machine : You added: 10 ml of Water

At Date:  (May 8, 2023, 13:42:49) The machine :  grind: 30 gram of Arabica beans

At Date:  (May 8, 2023, 13:42:49) The machine :  grind: 30 gram of Roubsta beans

At Date:  (May 8, 2023, 13:44:26) The machine :  grind: 30 gram of Arabica beans

At Date:  (May 8, 2023, 13:44:26) The machine :  grind: 30 gram of Roubsta beans

At Date:  (May 8, 2023, 13:44:26) The machine : You added: 50 ml of Water

At Date:  (May 8, 2023, 13:44:26) The machine : You added: 120 ml of Water

At Date:  (May 8, 2023, 16:08:24) The machine :  grind: 50 gram of Arabica beans

At Date:  (May 8, 2023, 16:08:24) The machine :  grind: 50 gram of Roubsta beans

